<?xml version="1.0" encoding="UTF-8"?>
<!-- Generated by org.testng.reporters.JUnitReportReporter -->
<testsuite hostname="Syeds-Air" failures="0" tests="3" name="testCases.LoginTest" time="1.562" errors="0" timestamp="2023-01-21T22:59:48 EST" skipped="0">
  <testcase classname="testCases.LoginTest" name="login" time="0.345"/>
  <system-out/>
  <testcase classname="testCases.LoginTest" name="login" time="0.468"/>
  <system-out/>
  <testcase classname="testCases.LoginTest" name="login" time="0.749"/>
  <system-out/>
</testsuite> <!-- testCases.LoginTest -->
