<?xml version="1.0" encoding="UTF-8"?>
<!-- Generated by org.testng.reporters.JUnitReportReporter -->
<testsuite hostname="Syeds-Air" failures="0" tests="3" name="testCases.LoginTest" time="1.089" errors="0" timestamp="2023-01-11T15:00:56 EST" skipped="0">
  <testcase classname="testCases.LoginTest" name="login" time="0.464"/>
  <system-out/>
  <testcase classname="testCases.LoginTest" name="login" time="0.313"/>
  <system-out/>
  <testcase classname="testCases.LoginTest" name="login" time="0.312"/>
  <system-out/>
</testsuite> <!-- testCases.LoginTest -->
