<?xml version="1.0" encoding="UTF-8"?>
<!-- Generated by org.testng.reporters.JUnitReportReporter -->
<testsuite hostname="Syeds-Air" failures="0" tests="3" name="testCases.LoginTest" time="0.954" errors="0" timestamp="2023-01-26T22:02:11 EST" skipped="0">
  <testcase classname="testCases.LoginTest" name="login" time="0.287"/>
  <system-out/>
  <testcase classname="testCases.LoginTest" name="login" time="0.393"/>
  <system-out/>
  <testcase classname="testCases.LoginTest" name="login" time="0.274"/>
  <system-out/>
</testsuite> <!-- testCases.LoginTest -->
