<?xml version="1.0" encoding="UTF-8"?>
<!-- Generated by org.testng.reporters.JUnitReportReporter -->
<testsuite hostname="Syeds-Air" failures="0" tests="1" name="testCases.CreateAccTest" time="1.868" errors="0" timestamp="2022-11-26T18:40:48 EST" skipped="0">
  <testcase classname="testCases.CreateAccTest" name="createAcc" time="1.868"/>
  <system-out/>
</testsuite> <!-- testCases.CreateAccTest -->
