<?xml version="1.0" encoding="UTF-8"?>
<!-- Generated by org.testng.reporters.JUnitReportReporter -->
<testsuite hostname="Syeds-Air" failures="0" tests="3" name="testCases.LoginTest" time="0.613" errors="0" timestamp="2023-01-22T14:42:01 EST" skipped="0">
  <testcase classname="testCases.LoginTest" name="login" time="0.174"/>
  <system-out/>
  <testcase classname="testCases.LoginTest" name="login" time="0.199"/>
  <system-out/>
  <testcase classname="testCases.LoginTest" name="login" time="0.240"/>
  <system-out/>
</testsuite> <!-- testCases.LoginTest -->
