<?xml version="1.0" encoding="UTF-8"?>
<!-- Generated by org.testng.reporters.JUnitReportReporter -->
<testsuite hostname="Syeds-Air" failures="0" tests="3" name="testCases.LoginTest" time="1.171" errors="0" timestamp="2023-01-21T22:06:37 EST" skipped="0">
  <testcase classname="testCases.LoginTest" name="login" time="0.352"/>
  <system-out/>
  <testcase classname="testCases.LoginTest" name="login" time="0.378"/>
  <system-out/>
  <testcase classname="testCases.LoginTest" name="login" time="0.441"/>
  <system-out/>
</testsuite> <!-- testCases.LoginTest -->
