<?xml version="1.0" encoding="UTF-8"?>
<!-- Generated by org.testng.reporters.JUnitReportReporter -->
<testsuite hostname="Syeds-Air" failures="0" tests="3" name="testCases.LoginTest" time="16.690" errors="0" timestamp="2023-01-11T13:51:02 EST" skipped="0">
  <testcase classname="testCases.LoginTest" name="login" time="5.497"/>
  <system-out/>
  <testcase classname="testCases.LoginTest" name="login" time="5.469"/>
  <system-out/>
  <testcase classname="testCases.LoginTest" name="login" time="5.724"/>
  <system-out/>
</testsuite> <!-- testCases.LoginTest -->
