<?xml version="1.0" encoding="UTF-8"?>
<!-- Generated by org.testng.reporters.JUnitReportReporter -->
<testsuite hostname="Syeds-Air" failures="0" tests="3" name="testCases.LoginTest" time="0.794" errors="0" timestamp="2023-02-01T17:49:22 EST" skipped="0">
  <testcase classname="testCases.LoginTest" name="login" time="0.253"/>
  <system-out/>
  <testcase classname="testCases.LoginTest" name="login" time="0.276"/>
  <system-out/>
  <testcase classname="testCases.LoginTest" name="login" time="0.265"/>
  <system-out/>
</testsuite> <!-- testCases.LoginTest -->
