<?xml version="1.0" encoding="UTF-8"?>
<!-- Generated by org.testng.reporters.JUnitReportReporter -->
<testsuite hostname="Syeds-Air" failures="0" tests="3" name="testCases.DataDrivenTest" time="1.007" errors="0" timestamp="2023-01-21T22:06:52 EST" skipped="0">
  <testcase classname="testCases.DataDrivenTest" name="ddt" time="0.323"/>
  <system-out/>
  <testcase classname="testCases.DataDrivenTest" name="ddt" time="0.396"/>
  <system-out/>
  <testcase classname="testCases.DataDrivenTest" name="ddt" time="0.288"/>
  <system-out/>
</testsuite> <!-- testCases.DataDrivenTest -->
