<?xml version="1.0" encoding="UTF-8"?>
<!-- Generated by org.testng.reporters.JUnitReportReporter -->
<testsuite hostname="Syeds-Air" failures="0" tests="3" name="testCases.LoginTest" time="1.789" errors="0" timestamp="2023-01-14T16:10:29 EST" skipped="0">
  <testcase classname="testCases.LoginTest" name="login" time="0.517"/>
  <system-out/>
  <testcase classname="testCases.LoginTest" name="login" time="0.703"/>
  <system-out/>
  <testcase classname="testCases.LoginTest" name="login" time="0.569"/>
  <system-out/>
</testsuite> <!-- testCases.LoginTest -->
